# JRE version: Java(TM) SE Runtime Environment (8.0_05-b13) (build 1.8.0_05-b13)
# Java VM: Java HotSpot(TM) 64-Bit Server VM (25.5-b02 mixed mode linux-amd64 compressed oops)
Heap:
 def new generation   total 10240K, used 6059K [0x00000000a2400000, 0x00000000a2f10000, 0x00000000c1800000)
  eden space 9152K,  56% used [0x00000000a2400000, 0x00000000a2904dd0, 0x00000000a2cf0000)
  from space 1088K,  84% used [0x00000000a2e00000, 0x00000000a2ee5f50, 0x00000000a2f10000)
  to   space 1088K,   0% used [0x00000000a2cf0000, 0x00000000a2cf0000, 0x00000000a2e00000)
 tenured generation   total 22528K, used 21650K [0x00000000c1800000, 0x00000000c2e00000, 0x0000000100000000)
   the space 22528K,  96% used [0x00000000c1800000, 0x00000000c2d24bb8, 0x00000000c2d24c00, 0x00000000c2e00000)
 Metaspace       used 19361K, capacity 19910K, committed 20096K, reserved 1067008K
  class space    used 2226K, capacity 2365K, committed 2432K, reserved 1048576K
GC Heap History (10 events):
Event: 12.129 GC heap before
{Heap before GC invocations=171 (full 3):
 def new generation   total 10240K, used 9605K [0x00000000a2400000, 0x00000000a2f10000, 0x00000000c1800000)
  eden space 9152K, 100% used [0x00000000a2400000, 0x00000000a2cf0000, 0x00000000a2cf0000)
  from space 1088K,  41% used [0x00000000a2cf0000, 0x00000000a2d61618, 0x00000000a2e00000)
  to   space 1088K,   0% used [0x00000000a2e00000, 0x00000000a2e00000, 0x00000000a2f10000)
 tenured generation   total 22528K, used 20971K [0x00000000c1800000, 0x00000000c2e00000, 0x0000000100000000)
   the space 22528K,  93% used [0x00000000c1800000, 0x00000000c2c7adb0, 0x00000000c2c7ae00, 0x00000000c2e00000)
 Metaspace       used 18867K, capacity 19400K, committed 19584K, reserved 1067008K
  class space    used 2182K, capacity 2328K, committed 2432K, reserved 1048576K
Event: 12.133 GC heap after
Heap after GC invocations=172 (full 3):
 def new generation   total 10240K, used 687K [0x00000000a2400000, 0x00000000a2f10000, 0x00000000c1800000)
  eden space 9152K,   0% used [0x00000000a2400000, 0x00000000a2400000, 0x00000000a2cf0000)
  from space 1088K,  63% used [0x00000000a2e00000, 0x00000000a2eabc58, 0x00000000a2f10000)
  to   space 1088K,   0% used [0x00000000a2cf0000, 0x00000000a2cf0000, 0x00000000a2e00000)
 tenured generation   total 22528K, used 20971K [0x00000000c1800000, 0x00000000c2e00000, 0x0000000100000000)
   the space 22528K,  93% used [0x00000000c1800000, 0x00000000c2c7adb0, 0x00000000c2c7ae00, 0x00000000c2e00000)
 Metaspace       used 18867K, capacity 19400K, committed 19584K, reserved 1067008K
  class space    used 2182K, capacity 2328K, committed 2432K, reserved 1048576K
}
Event: 12.191 GC heap before
{Heap before GC invocations=172 (full 3):
 def new generation   total 10240K, used 9839K [0x00000000a2400000, 0x00000000a2f10000, 0x00000000c1800000)
  eden space 9152K, 100% used [0x00000000a2400000, 0x00000000a2cf0000, 0x00000000a2cf0000)
  from space 1088K,  63% used [0x00000000a2e00000, 0x00000000a2eabc58, 0x00000000a2f10000)
  to   space 1088K,   0% used [0x00000000a2cf0000, 0x00000000a2cf0000, 0x00000000a2e00000)
 tenured generation   total 22528K, used 20971K [0x00000000c1800000, 0x00000000c2e00000, 0x0000000100000000)
   the space 22528K,  93% used [0x00000000c1800000, 0x00000000c2c7adb0, 0x00000000c2c7ae00, 0x00000000c2e00000)
 Metaspace       used 18908K, capacity 19482K, committed 19840K, reserved 1067008K
  class space    used 2184K, capacity 2331K, committed 2432K, reserved 1048576K
Event: 12.193 GC heap after
Heap after GC invocations=173 (full 3):
 def new generation   total 10240K, used 534K [0x00000000a2400000, 0x00000000a2f10000, 0x00000000c1800000)
  eden space 9152K,   0% used [0x00000000a2400000, 0x00000000a2400000, 0x00000000a2cf0000)
  from space 1088K,  49% used [0x00000000a2cf0000, 0x00000000a2d75888, 0x00000000a2e00000)
  to   space 1088K,   0% used [0x00000000a2e00000, 0x00000000a2e00000, 0x00000000a2f10000)
 tenured generation   total 22528K, used 21134K [0x00000000c1800000, 0x00000000c2e00000, 0x0000000100000000)
   the space 22528K,  93% used [0x00000000c1800000, 0x00000000c2ca3b48, 0x00000000c2ca3c00, 0x00000000c2e00000)
 Metaspace       used 18908K, capacity 19482K, committed 19840K, reserved 1067008K
  class space    used 2184K, capacity 2331K, committed 2432K, reserved 1048576K
}
Event: 12.238 GC heap before
{Heap before GC invocations=173 (full 3):
 def new generation   total 10240K, used 9686K [0x00000000a2400000, 0x00000000a2f10000, 0x00000000c1800000)
  eden space 9152K, 100% used [0x00000000a2400000, 0x00000000a2cf0000, 0x00000000a2cf0000)
  from space 1088K,  49% used [0x00000000a2cf0000, 0x00000000a2d75888, 0x00000000a2e00000)
  to   space 1088K,   0% used [0x00000000a2e00000, 0x00000000a2e00000, 0x00000000a2f10000)
 tenured generation   total 22528K, used 21134K [0x00000000c1800000, 0x00000000c2e00000, 0x0000000100000000)
   the space 22528K,  93% used [0x00000000c1800000, 0x00000000c2ca3b48, 0x00000000c2ca3c00, 0x00000000c2e00000)
 Metaspace       used 19026K, capacity 19616K, committed 19840K, reserved 1067008K
  class space    used 2194K, capacity 2332K, committed 2432K, reserved 1048576K
Event: 12.240 GC heap after
Heap after GC invocations=174 (full 3):
 def new generation   total 10240K, used 732K [0x00000000a2400000, 0x00000000a2f10000, 0x00000000c1800000)
  eden space 9152K,   0% used [0x00000000a2400000, 0x00000000a2400000, 0x00000000a2cf0000)
  from space 1088K,  67% used [0x00000000a2e00000, 0x00000000a2eb71f0, 0x00000000a2f10000)
  to   space 1088K,   0% used [0x00000000a2cf0000, 0x00000000a2cf0000, 0x00000000a2e00000)
 tenured generation   total 22528K, used 21134K [0x00000000c1800000, 0x00000000c2e00000, 0x0000000100000000)
   the space 22528K,  93% used [0x00000000c1800000, 0x00000000c2ca3b48, 0x00000000c2ca3c00, 0x00000000c2e00000)
 Metaspace       used 19026K, capacity 19616K, committed 19840K, reserved 1067008K
  class space    used 2194K, capacity 2332K, committed 2432K, reserved 1048576K
}
Event: 12.275 GC heap before
{Heap before GC invocations=174 (full 3):
 def new generation   total 10240K, used 9884K [0x00000000a2400000, 0x00000000a2f10000, 0x00000000c1800000)
  eden space 9152K, 100% used [0x00000000a2400000, 0x00000000a2cf0000, 0x00000000a2cf0000)
  from space 1088K,  67% used [0x00000000a2e00000, 0x00000000a2eb71f0, 0x00000000a2f10000)
  to   space 1088K,   0% used [0x00000000a2cf0000, 0x00000000a2cf0000, 0x00000000a2e00000)
 tenured generation   total 22528K, used 21134K [0x00000000c1800000, 0x00000000c2e00000, 0x0000000100000000)
   the space 22528K,  93% used [0x00000000c1800000, 0x00000000c2ca3b48, 0x00000000c2ca3c00, 0x00000000c2e00000)
 Metaspace       used 19044K, capacity 19616K, committed 19840K, reserved 1067008K
  class space    used 2196K, capacity 2332K, committed 2432K, reserved 1048576K
Event: 12.278 GC heap after
Heap after GC invocations=175 (full 3):
 def new generation   total 10240K, used 668K [0x00000000a2400000, 0x00000000a2f10000, 0x00000000c1800000)
  eden space 9152K,   0% used [0x00000000a2400000, 0x00000000a2400000, 0x00000000a2cf0000)
  from space 1088K,  61% used [0x00000000a2cf0000, 0x00000000a2d972c0, 0x00000000a2e00000)
  to   space 1088K,   0% used [0x00000000a2e00000, 0x00000000a2e00000, 0x00000000a2f10000)
 tenured generation   total 22528K, used 21403K [0x00000000c1800000, 0x00000000c2e00000, 0x0000000100000000)
   the space 22528K,  95% used [0x00000000c1800000, 0x00000000c2ce6c88, 0x00000000c2ce6e00, 0x00000000c2e00000)
 Metaspace       used 19044K, capacity 19616K, committed 19840K, reserved 1067008K
  class space    used 2196K, capacity 2332K, committed 2432K, reserved 1048576K
}
Event: 12.332 GC heap before
{Heap before GC invocations=175 (full 3):
 def new generation   total 10240K, used 9820K [0x00000000a2400000, 0x00000000a2f10000, 0x00000000c1800000)
  eden space 9152K, 100% used [0x00000000a2400000, 0x00000000a2cf0000, 0x00000000a2cf0000)
  from space 1088K,  61% used [0x00000000a2cf0000, 0x00000000a2d972c0, 0x00000000a2e00000)
  to   space 1088K,   0% used [0x00000000a2e00000, 0x00000000a2e00000, 0x00000000a2f10000)
 tenured generation   total 22528K, used 21403K [0x00000000c1800000, 0x00000000c2e00000, 0x0000000100000000)
   the space 22528K,  95% used [0x00000000c1800000, 0x00000000c2ce6c88, 0x00000000c2ce6e00, 0x00000000c2e00000)
 Metaspace       used 19307K, capacity 19910K, committed 20096K, reserved 1067008K
  class space    used 2218K, capacity 2365K, committed 2432K, reserved 1048576K
Event: 12.334 GC heap after
Heap after GC invocations=176 (full 3):
 def new generation   total 10240K, used 919K [0x00000000a2400000, 0x00000000a2f10000, 0x00000000c1800000)
  eden space 9152K,   0% used [0x00000000a2400000, 0x00000000a2400000, 0x00000000a2cf0000)
  from space 1088K,  84% used [0x00000000a2e00000, 0x00000000a2ee5f50, 0x00000000a2f10000)
  to   space 1088K,   0% used [0x00000000a2cf0000, 0x00000000a2cf0000, 0x00000000a2e00000)
 tenured generation   total 22528K, used 21650K [0x00000000c1800000, 0x00000000c2e00000, 0x0000000100000000)
   the space 22528K,  96% used [0x00000000c1800000, 0x00000000c2d24bb8, 0x00000000c2d24c00, 0x00000000c2e00000)
 Metaspace       used 19307K, capacity 19910K, committed 20096K, reserved 1067008K
  class space    used 2218K, capacity 2365K, committed 2432K, reserved 1048576K
}

